<?xml version="1.0" encoding="UTF-8"?>
<testng-results ignored="0" total="2" passed="2" failed="0" skipped="0">
  <reporter-output>
  </reporter-output>
  <suite started-at="2026-02-02T16:34:29 EST" name="Default suite" finished-at="2026-02-02T16:35:26 EST" duration-ms="57095">
    <groups>
      <group name="cucumber">
        <method signature="AbstractTestNGCucumberTests.runScenario(io.cucumber.testng.PickleWrapper,io.cucumber.testng.FeatureWrapper)[pri:0, instance:com.example.runner.CucumberRunnerTests@2a4fb17b]" name="runScenario" class="io.cucumber.testng.AbstractTestNGCucumberTests"/>
      </group> <!-- cucumber -->
    </groups>
    <test started-at="2026-02-02T16:34:29 EST" name="Default test" finished-at="2026-02-02T16:35:26 EST" duration-ms="57095">
      <class name="com.example.runner.CucumberRunnerTests">
        <test-method is-config="true" signature="setUpClass(org.testng.ITestContext)[pri:0, instance:com.example.runner.CucumberRunnerTests@2a4fb17b]" started-at="2026-02-02T16:34:29 EST" name="setUpClass" finished-at="2026-02-02T16:34:30 EST" duration-ms="539" status="PASS">
          <params>
            <param index="0">
              <value>
                <![CDATA[org.testng.TestRunner@7d7b4e04]]>
              </value>
            </param>
          </params>
          <reporter-output>
          </reporter-output>
        </test-method> <!-- setUpClass -->
        <test-method signature="runScenario(io.cucumber.testng.PickleWrapper,io.cucumber.testng.FeatureWrapper)[pri:0, instance:com.example.runner.CucumberRunnerTests@2a4fb17b]" started-at="2026-02-02T16:34:30 EST" name="runScenario" description="Runs Cucumber Scenarios" data-provider="scenarios" finished-at="2026-02-02T16:34:47 EST" duration-ms="17819" status="PASS">
          <params>
            <param index="0">
              <value>
                <![CDATA["Search and add various items to cart"]]>
              </value>
            </param>
            <param index="1">
              <value>
                <![CDATA["Amazon Shopping Cart Suite"]]>
              </value>
            </param>
          </params>
          <reporter-output>
          </reporter-output>
        </test-method> <!-- runScenario -->
        <test-method signature="runScenario(io.cucumber.testng.PickleWrapper,io.cucumber.testng.FeatureWrapper)[pri:0, instance:com.example.runner.CucumberRunnerTests@2a4fb17b]" started-at="2026-02-02T16:34:47 EST" name="runScenario" description="Runs Cucumber Scenarios" data-provider="scenarios" finished-at="2026-02-02T16:35:10 EST" duration-ms="22551" status="PASS">
          <params>
            <param index="0">
              <value>
                <![CDATA["Search and add various items to cart"]]>
              </value>
            </param>
            <param index="1">
              <value>
                <![CDATA["Amazon Shopping Cart Suite"]]>
              </value>
            </param>
          </params>
          <reporter-output>
          </reporter-output>
        </test-method> <!-- runScenario -->
        <test-method is-config="true" signature="tearDownClass()[pri:0, instance:com.example.runner.CucumberRunnerTests@2a4fb17b]" started-at="2026-02-02T16:35:10 EST" name="tearDownClass" finished-at="2026-02-02T16:35:26 EST" duration-ms="16149" status="PASS">
          <reporter-output>
          </reporter-output>
        </test-method> <!-- tearDownClass -->
      </class> <!-- com.example.runner.CucumberRunnerTests -->
    </test> <!-- Default test -->
  </suite> <!-- Default suite -->
</testng-results>
