<?xml version="1.0" encoding="UTF-8"?>
<testng-results ignored="0" total="1" passed="0" failed="1" skipped="0">
  <reporter-output>
  </reporter-output>
  <suite started-at="2026-02-06T14:29:29 EST" name="Default suite" finished-at="2026-02-06T14:30:12 EST" duration-ms="43146">
    <groups>
      <group name="cucumber">
        <method signature="AbstractTestNGCucumberTests.runScenario(io.cucumber.testng.PickleWrapper,io.cucumber.testng.FeatureWrapper)[pri:0, instance:com.example.runner.CucumberRunnerTests@2a4fb17b]" name="runScenario" class="io.cucumber.testng.AbstractTestNGCucumberTests"/>
      </group> <!-- cucumber -->
    </groups>
    <test started-at="2026-02-06T14:29:29 EST" name="Default test" finished-at="2026-02-06T14:30:12 EST" duration-ms="43146">
      <class name="com.example.runner.CucumberRunnerTests">
        <test-method is-config="true" signature="setUpClass(org.testng.ITestContext)[pri:0, instance:com.example.runner.CucumberRunnerTests@2a4fb17b]" started-at="2026-02-06T14:29:29 EST" name="setUpClass" finished-at="2026-02-06T14:29:30 EST" duration-ms="780" status="PASS">
          <params>
            <param index="0">
              <value>
                <![CDATA[org.testng.TestRunner@14656be5]]>
              </value>
            </param>
          </params>
          <reporter-output>
          </reporter-output>
        </test-method> <!-- setUpClass -->
        <test-method signature="runScenario(io.cucumber.testng.PickleWrapper,io.cucumber.testng.FeatureWrapper)[pri:0, instance:com.example.runner.CucumberRunnerTests@2a4fb17b]" started-at="2026-02-06T14:29:30 EST" name="runScenario" description="Runs Cucumber Scenarios" data-provider="scenarios" finished-at="2026-02-06T14:29:54 EST" duration-ms="24284" status="FAIL">
          <params>
            <param index="0">
              <value>
                <![CDATA["Search and add various items to cart"]]>
              </value>
            </param>
            <param index="1">
              <value>
                <![CDATA["Amazon Shopping Cart Suite"]]>
              </value>
            </param>
          </params>
          <exception class="org.openqa.selenium.ElementClickInterceptedException">
            <message>
              <![CDATA[element click intercepted: Element <a href="/gp/cart/view.html?ref_=nav_cart" aria-label="0 items in cart" class="nav-a nav-a-2 nav-progressive-attribute" id="nav-cart">...</a> is not clickable at point (3783, 30). Other element would receive the click: <h3 id="attach-warranty-header" class="a-spacing-base">...</h3>
  (Session info: chrome=144.0.7559.133)
Build info: version: '4.40.0', revision: 'b3333f1'
System info: os.name: 'Windows 11', os.arch: 'amd64', os.version: '10.0', java.version: '25.0.1'
Driver info: org.openqa.selenium.chrome.ChromeDriver
Command: [3d7353d7a4dd699fbed80bfd6376e10b, clickElement {id=f.D4115FC38C7A9320517CD37B7A65FBBE.d.E91AB55234777DF92497624807A78460.e.466}]
Capabilities {acceptInsecureCerts: false, browserName: chrome, browserVersion: 144.0.7559.133, chrome: {chromedriverVersion: 144.0.7559.133 (7da823b1d59..., userDataDir: C:\Users\peter\AppData\Loca...}, fedcm:accounts: true, goog:chromeOptions: {debuggerAddress: localhost:65227}, goog:processID: 26360, networkConnectionEnabled: false, pageLoadStrategy: normal, platformName: windows, proxy: Proxy(), se:cdp: ws://localhost:65227/devtoo..., se:cdpVersion: 144.0.7559.133, setWindowRect: true, strictFileInteractability: false, timeouts: {implicit: 0, pageLoad: 300000, script: 30000}, unhandledPromptBehavior: dismiss and notify, webauthn:extension:credBlob: true, webauthn:extension:largeBlob: true, webauthn:extension:minPinLength: true, webauthn:extension:prf: true, webauthn:virtualAuthenticators: true}
Element: [[ChromeDriver: chrome on windows (3d7353d7a4dd699fbed80bfd6376e10b)] -> css selector: #sw-gtc, #attach-sidesheet-view-cart-button, [href*='/cart']]
Session ID: 3d7353d7a4dd699fbed80bfd6376e10b]]>
            </message>
            <full-stacktrace>
              <![CDATA[org.openqa.selenium.ElementClickInterceptedException: element click intercepted: Element <a href="/gp/cart/view.html?ref_=nav_cart" aria-label="0 items in cart" class="nav-a nav-a-2 nav-progressive-attribute" id="nav-cart">...</a> is not clickable at point (3783, 30). Other element would receive the click: <h3 id="attach-warranty-header" class="a-spacing-base">...</h3>
  (Session info: chrome=144.0.7559.133)
Build info: version: '4.40.0', revision: 'b3333f1'
System info: os.name: 'Windows 11', os.arch: 'amd64', os.version: '10.0', java.version: '25.0.1'
Driver info: org.openqa.selenium.chrome.ChromeDriver
Command: [3d7353d7a4dd699fbed80bfd6376e10b, clickElement {id=f.D4115FC38C7A9320517CD37B7A65FBBE.d.E91AB55234777DF92497624807A78460.e.466}]
Capabilities {acceptInsecureCerts: false, browserName: chrome, browserVersion: 144.0.7559.133, chrome: {chromedriverVersion: 144.0.7559.133 (7da823b1d59..., userDataDir: C:\Users\peter\AppData\Loca...}, fedcm:accounts: true, goog:chromeOptions: {debuggerAddress: localhost:65227}, goog:processID: 26360, networkConnectionEnabled: false, pageLoadStrategy: normal, platformName: windows, proxy: Proxy(), se:cdp: ws://localhost:65227/devtoo..., se:cdpVersion: 144.0.7559.133, setWindowRect: true, strictFileInteractability: false, timeouts: {implicit: 0, pageLoad: 300000, script: 30000}, unhandledPromptBehavior: dismiss and notify, webauthn:extension:credBlob: true, webauthn:extension:largeBlob: true, webauthn:extension:minPinLength: true, webauthn:extension:prf: true, webauthn:virtualAuthenticators: true}
Element: [[ChromeDriver: chrome on windows (3d7353d7a4dd699fbed80bfd6376e10b)] -> css selector: #sw-gtc, #attach-sidesheet-view-cart-button, [href*='/cart']]
Session ID: 3d7353d7a4dd699fbed80bfd6376e10b
at org.openqa.selenium.remote.ErrorCodec.decode(ErrorCodec.java:169)
at org.openqa.selenium.remote.codec.w3c.W3CHttpResponseCodec.decode(W3CHttpResponseCodec.java:142)
at org.openqa.selenium.remote.codec.w3c.W3CHttpResponseCodec.decode(W3CHttpResponseCodec.java:49)
at org.openqa.selenium.remote.HttpCommandExecutor.execute(HttpCommandExecutor.java:223)
at org.openqa.selenium.remote.service.DriverCommandExecutor.invokeExecute(DriverCommandExecutor.java:216)
at org.openqa.selenium.remote.service.DriverCommandExecutor.execute(DriverCommandExecutor.java:174)
at org.openqa.selenium.remote.RemoteWebDriver.execute(RemoteWebDriver.java:601)
at org.openqa.selenium.remote.RemoteWebElement.execute(RemoteWebElement.java:223)
at org.openqa.selenium.remote.RemoteWebElement.click(RemoteWebElement.java:76)
at com.example.definitions.AmazonPageDefinitions.verify_cart_navigation(AmazonPageDefinitions.java:96)
at ✽.User should be able to navigate to the cart page(file:///C:/GitHub-repositories/testng-cucumber-demonstration/Project_001_Cucumber_TestNG_Demo_focused_on_knife_and_other_stuff_2026_002_006/src/test/resources/features/AmazonCart.feature:9)
]]>
            </full-stacktrace>
          </exception> <!-- org.openqa.selenium.ElementClickInterceptedException -->
          <reporter-output>
          </reporter-output>
        </test-method> <!-- runScenario -->
        <test-method is-config="true" signature="tearDownClass()[pri:0, instance:com.example.runner.CucumberRunnerTests@2a4fb17b]" started-at="2026-02-06T14:29:54 EST" name="tearDownClass" finished-at="2026-02-06T14:30:12 EST" duration-ms="18027" status="PASS">
          <reporter-output>
          </reporter-output>
        </test-method> <!-- tearDownClass -->
      </class> <!-- com.example.runner.CucumberRunnerTests -->
    </test> <!-- Default test -->
  </suite> <!-- Default suite -->
</testng-results>
