<?xml version="1.0" encoding="UTF-8"?>
<!-- Generated by org.testng.reporters.JUnitReportReporter -->
<testsuite hostname="c_pfc75TewtCKja" failures="0" tests="4" name="com.example.runner.CucumberRunnerTests" time="25.669" errors="0" timestamp="2026-01-05T16:18:32 EST" skipped="0">
  <testcase classname="com.example.runner.CucumberRunnerTests" name="runScenario" time="6.986"/>
  <testcase classname="com.example.runner.CucumberRunnerTests" name="runScenario" time="6.392"/>
  <testcase classname="com.example.runner.CucumberRunnerTests" name="runScenario" time="6.284"/>
  <testcase classname="com.example.runner.CucumberRunnerTests" name="runScenario" time="6.007"/>
</testsuite> <!-- com.example.runner.CucumberRunnerTests -->
