<?xml version="1.0" encoding="UTF-8"?>
<!-- Generated by org.testng.reporters.JUnitReportReporter -->
<testsuite hostname="c_pfc75TewtCKja" failures="0" tests="4" name="com.example.runner.CucumberRunnerTests" time="25.919" errors="0" timestamp="2026-01-05T16:34:00 EST" skipped="0">
  <testcase classname="com.example.runner.CucumberRunnerTests" name="runScenario" time="7.170"/>
  <testcase classname="com.example.runner.CucumberRunnerTests" name="runScenario" time="6.480"/>
  <testcase classname="com.example.runner.CucumberRunnerTests" name="runScenario" time="6.087"/>
  <testcase classname="com.example.runner.CucumberRunnerTests" name="runScenario" time="6.182"/>
</testsuite> <!-- com.example.runner.CucumberRunnerTests -->
