<?xml version="1.0" encoding="UTF-8"?>
<!-- Generated by org.testng.reporters.JUnitReportReporter -->
<testsuite hostname="C-CLFQPLPPJQ" failures="0" tests="8" name="com.example.runner.CucumberRunnerTests" time="25.720" errors="0" timestamp="2026-01-27T16:53:11 EST" skipped="0">
  <testcase classname="com.example.runner.CucumberRunnerTests" name="runScenario" time="2.206"/>
  <testcase classname="com.example.runner.CucumberRunnerTests" name="runScenario" time="3.529"/>
  <testcase classname="com.example.runner.CucumberRunnerTests" name="runScenario" time="4.709"/>
  <testcase classname="com.example.runner.CucumberRunnerTests" name="runScenario" time="3.746"/>
  <testcase classname="com.example.runner.CucumberRunnerTests" name="runScenario" time="2.164"/>
  <testcase classname="com.example.runner.CucumberRunnerTests" name="runScenario" time="3.462"/>
  <testcase classname="com.example.runner.CucumberRunnerTests" name="runScenario" time="3.092"/>
  <testcase classname="com.example.runner.CucumberRunnerTests" name="runScenario" time="2.812"/>
</testsuite> <!-- com.example.runner.CucumberRunnerTests -->
