<?xml version="1.0" encoding="UTF-8"?>
<!-- Generated by org.testng.reporters.JUnitReportReporter -->
<testsuite hostname="C-CLFQPLPPJQ" failures="0" tests="8" name="com.example.runner.CucumberRunnerTests" time="25.949" errors="0" timestamp="2026-01-26T15:52:15 EST" skipped="0">
  <testcase classname="com.example.runner.CucumberRunnerTests" name="runScenario" time="3.693"/>
  <testcase classname="com.example.runner.CucumberRunnerTests" name="runScenario" time="3.585"/>
  <testcase classname="com.example.runner.CucumberRunnerTests" name="runScenario" time="2.129"/>
  <testcase classname="com.example.runner.CucumberRunnerTests" name="runScenario" time="2.415"/>
  <testcase classname="com.example.runner.CucumberRunnerTests" name="runScenario" time="4.619"/>
  <testcase classname="com.example.runner.CucumberRunnerTests" name="runScenario" time="2.568"/>
  <testcase classname="com.example.runner.CucumberRunnerTests" name="runScenario" time="3.422"/>
  <testcase classname="com.example.runner.CucumberRunnerTests" name="runScenario" time="3.518"/>
</testsuite> <!-- com.example.runner.CucumberRunnerTests -->
