<?xml version="1.0" encoding="UTF-8"?>
<!-- Generated by org.testng.reporters.JUnitReportReporter -->
<testsuite hostname="C-CLFQPLPPJQ" failures="0" tests="2" name="com.example.runner.CucumberRunnerTests" time="39.376" errors="0" timestamp="2026-02-08T18:28:14 EST" skipped="0">
  <testcase classname="com.example.runner.CucumberRunnerTests" name="runScenario" time="21.009"/>
  <testcase classname="com.example.runner.CucumberRunnerTests" name="runScenario" time="18.367"/>
</testsuite> <!-- com.example.runner.CucumberRunnerTests -->
