<?xml version="1.0" encoding="UTF-8"?>
<!-- Generated by org.testng.reporters.JUnitReportReporter -->
<testsuite hostname="C-CLFQPLPPJQ" failures="0" tests="2" name="com.example.runner.CucumberRunnerTests" time="44.834" errors="0" timestamp="2026-02-02T15:51:14 EST" skipped="0">
  <testcase classname="com.example.runner.CucumberRunnerTests" name="runScenario" time="23.874"/>
  <testcase classname="com.example.runner.CucumberRunnerTests" name="runScenario" time="20.960"/>
</testsuite> <!-- com.example.runner.CucumberRunnerTests -->
