<?xml version="1.0" encoding="UTF-8"?>
<testng-results ignored="0" total="1" passed="1" failed="0" skipped="0">
  <reporter-output>
  </reporter-output>
  <suite started-at="2026-01-02T15:37:32 EST" name="Default suite" finished-at="2026-01-02T15:37:48 EST" duration-ms="16128">
    <groups>
    </groups>
    <test started-at="2026-01-02T15:37:32 EST" name="Default test" finished-at="2026-01-02T15:37:48 EST" duration-ms="16128">
      <class name="TestNG_Demo">
        <test-method is-config="true" signature="beforeTest()[pri:0, instance:TestNG_Demo@6a6cb05c]" started-at="2026-01-02T15:37:32 EST" name="beforeTest" finished-at="2026-01-02T15:37:38 EST" duration-ms="6161" status="PASS">
          <reporter-output>
          </reporter-output>
        </test-method> <!-- beforeTest -->
        <test-method signature="Validation()[pri:0, instance:TestNG_Demo@6a6cb05c]" started-at="2026-01-02T15:37:38 EST" name="Validation" finished-at="2026-01-02T15:37:46 EST" duration-ms="7923" status="PASS">
          <reporter-output>
          </reporter-output>
        </test-method> <!-- Validation -->
        <test-method is-config="true" signature="afterTest()[pri:0, instance:TestNG_Demo@6a6cb05c]" started-at="2026-01-02T15:37:46 EST" name="afterTest" finished-at="2026-01-02T15:37:48 EST" duration-ms="1969" status="PASS">
          <reporter-output>
          </reporter-output>
        </test-method> <!-- afterTest -->
      </class> <!-- TestNG_Demo -->
    </test> <!-- Default test -->
  </suite> <!-- Default suite -->
</testng-results>
