<?xml version="1.0" encoding="UTF-8"?>
<!-- Generated by org.testng.reporters.JUnitReportReporter -->
<testsuite hostname="C-CLFQPLPPJQ" failures="0" tests="1" name="com.example.runner.CucumberRunnerTests" time="24.284" errors="1" timestamp="2026-02-06T14:30:12 EST" skipped="0">
  <testcase classname="com.example.runner.CucumberRunnerTests" name="runScenario" time="24.284">
    <error message="element click intercepted: Element &lt;a href=&quot;/gp/cart/view.html?ref_=nav_cart&quot; aria-label=&quot;0 items in cart&quot; class=&quot;nav-a nav-a-2 nav-progressive-attribute&quot; id=&quot;nav-cart&quot;&gt;...&lt;/a&gt; is not clickable at point (3783, 30). Other element would receive the click: &lt;h3 id=&quot;attach-warranty-header&quot; class=&quot;a-spacing-base&quot;&gt;...&lt;/h3&gt;
  (Session info: chrome=144.0.7559.133)
Build info: version: &#039;4.40.0&#039;, revision: &#039;b3333f1&#039;
System info: os.name: &#039;Windows 11&#039;, os.arch: &#039;amd64&#039;, os.version: &#039;10.0&#039;, java.version: &#039;25.0.1&#039;
Driver info: org.openqa.selenium.chrome.ChromeDriver
Command: [3d7353d7a4dd699fbed80bfd6376e10b, clickElement {id=f.D4115FC38C7A9320517CD37B7A65FBBE.d.E91AB55234777DF92497624807A78460.e.466}]
Capabilities {acceptInsecureCerts: false, browserName: chrome, browserVersion: 144.0.7559.133, chrome: {chromedriverVersion: 144.0.7559.133 (7da823b1d59..., userDataDir: C:\Users\peter\AppData\Loca...}, fedcm:accounts: true, goog:chromeOptions: {debuggerAddress: localhost:65227}, goog:processID: 26360, networkConnectionEnabled: false, pageLoadStrategy: normal, platformName: windows, proxy: Proxy(), se:cdp: ws://localhost:65227/devtoo..., se:cdpVersion: 144.0.7559.133, setWindowRect: true, strictFileInteractability: false, timeouts: {implicit: 0, pageLoad: 300000, script: 30000}, unhandledPromptBehavior: dismiss and notify, webauthn:extension:credBlob: true, webauthn:extension:largeBlob: true, webauthn:extension:minPinLength: true, webauthn:extension:prf: true, webauthn:virtualAuthenticators: true}
Element: [[ChromeDriver: chrome on windows (3d7353d7a4dd699fbed80bfd6376e10b)] -&gt; css selector: #sw-gtc, #attach-sidesheet-view-cart-button, [href*=&#039;/cart&#039;]]
Session ID: 3d7353d7a4dd699fbed80bfd6376e10b" type="org.openqa.selenium.ElementClickInterceptedException">
      <![CDATA[org.openqa.selenium.ElementClickInterceptedException: element click intercepted: Element <a href="/gp/cart/view.html?ref_=nav_cart" aria-label="0 items in cart" class="nav-a nav-a-2 nav-progressive-attribute" id="nav-cart">...</a> is not clickable at point (3783, 30). Other element would receive the click: <h3 id="attach-warranty-header" class="a-spacing-base">...</h3>
  (Session info: chrome=144.0.7559.133)
Build info: version: '4.40.0', revision: 'b3333f1'
System info: os.name: 'Windows 11', os.arch: 'amd64', os.version: '10.0', java.version: '25.0.1'
Driver info: org.openqa.selenium.chrome.ChromeDriver
Command: [3d7353d7a4dd699fbed80bfd6376e10b, clickElement {id=f.D4115FC38C7A9320517CD37B7A65FBBE.d.E91AB55234777DF92497624807A78460.e.466}]
Capabilities {acceptInsecureCerts: false, browserName: chrome, browserVersion: 144.0.7559.133, chrome: {chromedriverVersion: 144.0.7559.133 (7da823b1d59..., userDataDir: C:\Users\peter\AppData\Loca...}, fedcm:accounts: true, goog:chromeOptions: {debuggerAddress: localhost:65227}, goog:processID: 26360, networkConnectionEnabled: false, pageLoadStrategy: normal, platformName: windows, proxy: Proxy(), se:cdp: ws://localhost:65227/devtoo..., se:cdpVersion: 144.0.7559.133, setWindowRect: true, strictFileInteractability: false, timeouts: {implicit: 0, pageLoad: 300000, script: 30000}, unhandledPromptBehavior: dismiss and notify, webauthn:extension:credBlob: true, webauthn:extension:largeBlob: true, webauthn:extension:minPinLength: true, webauthn:extension:prf: true, webauthn:virtualAuthenticators: true}
Element: [[ChromeDriver: chrome on windows (3d7353d7a4dd699fbed80bfd6376e10b)] -> css selector: #sw-gtc, #attach-sidesheet-view-cart-button, [href*='/cart']]
Session ID: 3d7353d7a4dd699fbed80bfd6376e10b
at org.openqa.selenium.remote.ErrorCodec.decode(ErrorCodec.java:169)
at org.openqa.selenium.remote.codec.w3c.W3CHttpResponseCodec.decode(W3CHttpResponseCodec.java:142)
at org.openqa.selenium.remote.codec.w3c.W3CHttpResponseCodec.decode(W3CHttpResponseCodec.java:49)
at org.openqa.selenium.remote.HttpCommandExecutor.execute(HttpCommandExecutor.java:223)
at org.openqa.selenium.remote.service.DriverCommandExecutor.invokeExecute(DriverCommandExecutor.java:216)
at org.openqa.selenium.remote.service.DriverCommandExecutor.execute(DriverCommandExecutor.java:174)
at org.openqa.selenium.remote.RemoteWebDriver.execute(RemoteWebDriver.java:601)
at org.openqa.selenium.remote.RemoteWebElement.execute(RemoteWebElement.java:223)
at org.openqa.selenium.remote.RemoteWebElement.click(RemoteWebElement.java:76)
at com.example.definitions.AmazonPageDefinitions.verify_cart_navigation(AmazonPageDefinitions.java:96)
at ✽.User should be able to navigate to the cart page(file:///C:/GitHub-repositories/testng-cucumber-demonstration/Project_001_Cucumber_TestNG_Demo_focused_on_knife_and_other_stuff_2026_002_006/src/test/resources/features/AmazonCart.feature:9)
]]>
    </error>
  </testcase> <!-- runScenario -->
</testsuite> <!-- com.example.runner.CucumberRunnerTests -->
