<?xml version="1.0" encoding="UTF-8"?>
<!-- Generated by org.testng.reporters.JUnitReportReporter -->
<testsuite hostname="C-CLFQPLPPJQ" failures="0" tests="2" name="com.example.runner.CucumberRunnerTests" time="41.783" errors="0" timestamp="2026-02-11T12:40:53 EST" skipped="0">
  <testcase classname="com.example.runner.CucumberRunnerTests" name="runScenario" time="20.523"/>
  <testcase classname="com.example.runner.CucumberRunnerTests" name="runScenario" time="21.260"/>
</testsuite> <!-- com.example.runner.CucumberRunnerTests -->
